Copyright 1986-2022 Xilinx, Inc. All Rights Reserved. Copyright 2022-2023 Advanced Micro Devices, Inc. All Rights Reserved.
--------------------------------------------------------------------------------------------------------------------------------------------------------------------------
| Tool Version : Vivado v.2023.2 (win64) Build 4029153 Fri Oct 13 20:14:34 MDT 2023
| Date         : Thu Apr 10 16:34:08 2025
| Host         : LAPTOP-6R0BMEKF running 64-bit major release  (build 9200)
| Command      : report_methodology -file alchitry_top_methodology_drc_routed.rpt -pb alchitry_top_methodology_drc_routed.pb -rpx alchitry_top_methodology_drc_routed.rpx
| Design       : alchitry_top
| Device       : xc7a35tftg256-1
| Speed File   : -1
| Design State : Fully Routed
--------------------------------------------------------------------------------------------------------------------------------------------------------------------------

Report Methodology

Table of Contents
-----------------
1. REPORT SUMMARY
2. REPORT DETAILS

1. REPORT SUMMARY
-----------------
            Netlist: netlist
          Floorplan: design_1
      Design limits: <entire design considered>
             Max violations: <unlimited>
             Violations found: 79
+-----------+----------+-------------------------------+------------+
| Rule      | Severity | Description                   | Violations |
+-----------+----------+-------------------------------+------------+
| TIMING-16 | Warning  | Large setup violation         | 29         |
| TIMING-18 | Warning  | Missing input or output delay | 50         |
+-----------+----------+-------------------------------+------------+

2. REPORT DETAILS
-----------------
TIMING-16#1 Warning
Large setup violation  
There is a large setup violation of -1.054 ns between beta_manual/motherboard/memory_unit/instruction_memory/ram_reg/CLKBWRCLK (clocked by clk_65) and beta_manual/motherboard/beta/regfile_system/regfile/D_registers_q_reg[10][0]/D (clocked by clk_65). Large setup violations at the end of those stages might be difficult to fix during the post-placement implementation flow and could be the result of non-optimal XDC constraints or non-optimal design architecture
Related violations: <none>

TIMING-16#2 Warning
Large setup violation  
There is a large setup violation of -1.087 ns between beta_manual/motherboard/memory_unit/instruction_memory/ram_reg/CLKBWRCLK (clocked by clk_65) and beta_manual/motherboard/beta/regfile_system/regfile/D_registers_q_reg[15][0]/D (clocked by clk_65). Large setup violations at the end of those stages might be difficult to fix during the post-placement implementation flow and could be the result of non-optimal XDC constraints or non-optimal design architecture
Related violations: <none>

TIMING-16#3 Warning
Large setup violation  
There is a large setup violation of -1.119 ns between beta_manual/motherboard/memory_unit/instruction_memory/ram_reg/CLKBWRCLK (clocked by clk_65) and beta_manual/motherboard/beta/regfile_system/regfile/D_registers_q_reg[3][0]/D (clocked by clk_65). Large setup violations at the end of those stages might be difficult to fix during the post-placement implementation flow and could be the result of non-optimal XDC constraints or non-optimal design architecture
Related violations: <none>

TIMING-16#4 Warning
Large setup violation  
There is a large setup violation of -1.120 ns between beta_manual/motherboard/memory_unit/instruction_memory/ram_reg/CLKBWRCLK (clocked by clk_65) and beta_manual/motherboard/beta/regfile_system/regfile/D_registers_q_reg[18][0]/D (clocked by clk_65). Large setup violations at the end of those stages might be difficult to fix during the post-placement implementation flow and could be the result of non-optimal XDC constraints or non-optimal design architecture
Related violations: <none>

TIMING-16#5 Warning
Large setup violation  
There is a large setup violation of -1.130 ns between beta_manual/motherboard/memory_unit/instruction_memory/ram_reg/CLKBWRCLK (clocked by clk_65) and beta_manual/motherboard/beta/regfile_system/regfile/D_registers_q_reg[21][0]/D (clocked by clk_65). Large setup violations at the end of those stages might be difficult to fix during the post-placement implementation flow and could be the result of non-optimal XDC constraints or non-optimal design architecture
Related violations: <none>

TIMING-16#6 Warning
Large setup violation  
There is a large setup violation of -1.130 ns between beta_manual/motherboard/memory_unit/instruction_memory/ram_reg/CLKBWRCLK (clocked by clk_65) and beta_manual/motherboard/beta/regfile_system/regfile/D_registers_q_reg[2][0]/D (clocked by clk_65). Large setup violations at the end of those stages might be difficult to fix during the post-placement implementation flow and could be the result of non-optimal XDC constraints or non-optimal design architecture
Related violations: <none>

TIMING-16#7 Warning
Large setup violation  
There is a large setup violation of -1.234 ns between beta_manual/motherboard/memory_unit/instruction_memory/ram_reg/CLKBWRCLK (clocked by clk_65) and beta_manual/motherboard/beta/regfile_system/regfile/D_registers_q_reg[6][0]/D (clocked by clk_65). Large setup violations at the end of those stages might be difficult to fix during the post-placement implementation flow and could be the result of non-optimal XDC constraints or non-optimal design architecture
Related violations: <none>

TIMING-16#8 Warning
Large setup violation  
There is a large setup violation of -1.235 ns between beta_manual/motherboard/memory_unit/instruction_memory/ram_reg/CLKBWRCLK (clocked by clk_65) and beta_manual/motherboard/beta/regfile_system/regfile/D_registers_q_reg[23][0]/D (clocked by clk_65). Large setup violations at the end of those stages might be difficult to fix during the post-placement implementation flow and could be the result of non-optimal XDC constraints or non-optimal design architecture
Related violations: <none>

TIMING-16#9 Warning
Large setup violation  
There is a large setup violation of -1.237 ns between beta_manual/motherboard/memory_unit/instruction_memory/ram_reg/CLKBWRCLK (clocked by clk_65) and beta_manual/motherboard/beta/regfile_system/regfile/D_registers_q_reg[7][0]/D (clocked by clk_65). Large setup violations at the end of those stages might be difficult to fix during the post-placement implementation flow and could be the result of non-optimal XDC constraints or non-optimal design architecture
Related violations: <none>

TIMING-16#10 Warning
Large setup violation  
There is a large setup violation of -1.238 ns between beta_manual/motherboard/memory_unit/instruction_memory/ram_reg/CLKBWRCLK (clocked by clk_65) and beta_manual/motherboard/beta/regfile_system/regfile/D_registers_q_reg[30][0]/D (clocked by clk_65). Large setup violations at the end of those stages might be difficult to fix during the post-placement implementation flow and could be the result of non-optimal XDC constraints or non-optimal design architecture
Related violations: <none>

TIMING-16#11 Warning
Large setup violation  
There is a large setup violation of -1.244 ns between beta_manual/motherboard/memory_unit/instruction_memory/ram_reg/CLKBWRCLK (clocked by clk_65) and beta_manual/motherboard/beta/regfile_system/regfile/D_registers_q_reg[0][0]/D (clocked by clk_65). Large setup violations at the end of those stages might be difficult to fix during the post-placement implementation flow and could be the result of non-optimal XDC constraints or non-optimal design architecture
Related violations: <none>

TIMING-16#12 Warning
Large setup violation  
There is a large setup violation of -1.250 ns between beta_manual/motherboard/memory_unit/instruction_memory/ram_reg/CLKBWRCLK (clocked by clk_65) and beta_manual/motherboard/beta/regfile_system/regfile/D_registers_q_reg[17][0]/D (clocked by clk_65). Large setup violations at the end of those stages might be difficult to fix during the post-placement implementation flow and could be the result of non-optimal XDC constraints or non-optimal design architecture
Related violations: <none>

TIMING-16#13 Warning
Large setup violation  
There is a large setup violation of -1.268 ns between beta_manual/motherboard/memory_unit/instruction_memory/ram_reg/CLKBWRCLK (clocked by clk_65) and beta_manual/motherboard/beta/regfile_system/regfile/D_registers_q_reg[13][0]/D (clocked by clk_65). Large setup violations at the end of those stages might be difficult to fix during the post-placement implementation flow and could be the result of non-optimal XDC constraints or non-optimal design architecture
Related violations: <none>

TIMING-16#14 Warning
Large setup violation  
There is a large setup violation of -1.271 ns between beta_manual/motherboard/memory_unit/instruction_memory/ram_reg/CLKBWRCLK (clocked by clk_65) and beta_manual/motherboard/beta/regfile_system/regfile/D_registers_q_reg[27][0]/D (clocked by clk_65). Large setup violations at the end of those stages might be difficult to fix during the post-placement implementation flow and could be the result of non-optimal XDC constraints or non-optimal design architecture
Related violations: <none>

TIMING-16#15 Warning
Large setup violation  
There is a large setup violation of -1.274 ns between beta_manual/motherboard/memory_unit/instruction_memory/ram_reg/CLKBWRCLK (clocked by clk_65) and beta_manual/motherboard/beta/regfile_system/regfile/D_registers_q_reg[22][0]/D (clocked by clk_65). Large setup violations at the end of those stages might be difficult to fix during the post-placement implementation flow and could be the result of non-optimal XDC constraints or non-optimal design architecture
Related violations: <none>

TIMING-16#16 Warning
Large setup violation  
There is a large setup violation of -1.278 ns between beta_manual/motherboard/memory_unit/instruction_memory/ram_reg/CLKBWRCLK (clocked by clk_65) and beta_manual/motherboard/beta/regfile_system/regfile/D_registers_q_reg[20][0]/D (clocked by clk_65). Large setup violations at the end of those stages might be difficult to fix during the post-placement implementation flow and could be the result of non-optimal XDC constraints or non-optimal design architecture
Related violations: <none>

TIMING-16#17 Warning
Large setup violation  
There is a large setup violation of -1.297 ns between beta_manual/motherboard/memory_unit/instruction_memory/ram_reg/CLKBWRCLK (clocked by clk_65) and beta_manual/motherboard/beta/regfile_system/regfile/D_registers_q_reg[1][0]/D (clocked by clk_65). Large setup violations at the end of those stages might be difficult to fix during the post-placement implementation flow and could be the result of non-optimal XDC constraints or non-optimal design architecture
Related violations: <none>

TIMING-16#18 Warning
Large setup violation  
There is a large setup violation of -1.338 ns between beta_manual/motherboard/memory_unit/instruction_memory/ram_reg/CLKBWRCLK (clocked by clk_65) and beta_manual/motherboard/beta/regfile_system/regfile/D_registers_q_reg[25][0]/D (clocked by clk_65). Large setup violations at the end of those stages might be difficult to fix during the post-placement implementation flow and could be the result of non-optimal XDC constraints or non-optimal design architecture
Related violations: <none>

TIMING-16#19 Warning
Large setup violation  
There is a large setup violation of -1.355 ns between beta_manual/motherboard/memory_unit/instruction_memory/ram_reg/CLKBWRCLK (clocked by clk_65) and beta_manual/motherboard/beta/regfile_system/regfile/D_registers_q_reg[11][0]/D (clocked by clk_65). Large setup violations at the end of those stages might be difficult to fix during the post-placement implementation flow and could be the result of non-optimal XDC constraints or non-optimal design architecture
Related violations: <none>

TIMING-16#20 Warning
Large setup violation  
There is a large setup violation of -1.357 ns between beta_manual/motherboard/memory_unit/instruction_memory/ram_reg/CLKBWRCLK (clocked by clk_65) and beta_manual/motherboard/beta/regfile_system/regfile/D_registers_q_reg[9][0]/D (clocked by clk_65). Large setup violations at the end of those stages might be difficult to fix during the post-placement implementation flow and could be the result of non-optimal XDC constraints or non-optimal design architecture
Related violations: <none>

TIMING-16#21 Warning
Large setup violation  
There is a large setup violation of -1.363 ns between beta_manual/motherboard/memory_unit/instruction_memory/ram_reg/CLKBWRCLK (clocked by clk_65) and beta_manual/motherboard/beta/regfile_system/regfile/D_registers_q_reg[14][0]/D (clocked by clk_65). Large setup violations at the end of those stages might be difficult to fix during the post-placement implementation flow and could be the result of non-optimal XDC constraints or non-optimal design architecture
Related violations: <none>

TIMING-16#22 Warning
Large setup violation  
There is a large setup violation of -1.392 ns between beta_manual/motherboard/memory_unit/instruction_memory/ram_reg/CLKBWRCLK (clocked by clk_65) and beta_manual/motherboard/beta/regfile_system/regfile/D_registers_q_reg[12][0]/D (clocked by clk_65). Large setup violations at the end of those stages might be difficult to fix during the post-placement implementation flow and could be the result of non-optimal XDC constraints or non-optimal design architecture
Related violations: <none>

TIMING-16#23 Warning
Large setup violation  
There is a large setup violation of -1.393 ns between beta_manual/motherboard/memory_unit/instruction_memory/ram_reg/CLKBWRCLK (clocked by clk_65) and beta_manual/motherboard/beta/regfile_system/regfile/D_registers_q_reg[29][0]/D (clocked by clk_65). Large setup violations at the end of those stages might be difficult to fix during the post-placement implementation flow and could be the result of non-optimal XDC constraints or non-optimal design architecture
Related violations: <none>

TIMING-16#24 Warning
Large setup violation  
There is a large setup violation of -1.399 ns between beta_manual/motherboard/memory_unit/instruction_memory/ram_reg/CLKBWRCLK (clocked by clk_65) and beta_manual/motherboard/beta/regfile_system/regfile/D_registers_q_reg[16][0]/D (clocked by clk_65). Large setup violations at the end of those stages might be difficult to fix during the post-placement implementation flow and could be the result of non-optimal XDC constraints or non-optimal design architecture
Related violations: <none>

TIMING-16#25 Warning
Large setup violation  
There is a large setup violation of -1.414 ns between beta_manual/motherboard/memory_unit/instruction_memory/ram_reg/CLKBWRCLK (clocked by clk_65) and beta_manual/motherboard/beta/regfile_system/regfile/D_registers_q_reg[4][0]/D (clocked by clk_65). Large setup violations at the end of those stages might be difficult to fix during the post-placement implementation flow and could be the result of non-optimal XDC constraints or non-optimal design architecture
Related violations: <none>

TIMING-16#26 Warning
Large setup violation  
There is a large setup violation of -1.415 ns between beta_manual/motherboard/memory_unit/instruction_memory/ram_reg/CLKBWRCLK (clocked by clk_65) and beta_manual/motherboard/beta/regfile_system/regfile/D_registers_q_reg[8][0]/D (clocked by clk_65). Large setup violations at the end of those stages might be difficult to fix during the post-placement implementation flow and could be the result of non-optimal XDC constraints or non-optimal design architecture
Related violations: <none>

TIMING-16#27 Warning
Large setup violation  
There is a large setup violation of -1.426 ns between beta_manual/motherboard/memory_unit/instruction_memory/ram_reg/CLKBWRCLK (clocked by clk_65) and beta_manual/motherboard/beta/regfile_system/regfile/D_registers_q_reg[26][0]/D (clocked by clk_65). Large setup violations at the end of those stages might be difficult to fix during the post-placement implementation flow and could be the result of non-optimal XDC constraints or non-optimal design architecture
Related violations: <none>

TIMING-16#28 Warning
Large setup violation  
There is a large setup violation of -1.431 ns between beta_manual/motherboard/memory_unit/instruction_memory/ram_reg/CLKBWRCLK (clocked by clk_65) and beta_manual/motherboard/beta/regfile_system/regfile/D_registers_q_reg[24][0]/D (clocked by clk_65). Large setup violations at the end of those stages might be difficult to fix during the post-placement implementation flow and could be the result of non-optimal XDC constraints or non-optimal design architecture
Related violations: <none>

TIMING-16#29 Warning
Large setup violation  
There is a large setup violation of -1.534 ns between beta_manual/motherboard/memory_unit/instruction_memory/ram_reg/CLKBWRCLK (clocked by clk_65) and beta_manual/motherboard/beta/regfile_system/regfile/D_registers_q_reg[28][0]/D (clocked by clk_65). Large setup violations at the end of those stages might be difficult to fix during the post-placement implementation flow and could be the result of non-optimal XDC constraints or non-optimal design architecture
Related violations: <none>

TIMING-18#1 Warning
Missing input or output delay  
An input delay is missing on io_button[0] relative to the rising and/or falling clock edge(s) of clk_65.
Related violations: <none>

TIMING-18#2 Warning
Missing input or output delay  
An input delay is missing on io_button[1] relative to the rising and/or falling clock edge(s) of clk_65.
Related violations: <none>

TIMING-18#3 Warning
Missing input or output delay  
An input delay is missing on io_button[2] relative to the rising and/or falling clock edge(s) of clk_65.
Related violations: <none>

TIMING-18#4 Warning
Missing input or output delay  
An input delay is missing on io_button[3] relative to the rising and/or falling clock edge(s) of clk_65.
Related violations: <none>

TIMING-18#5 Warning
Missing input or output delay  
An input delay is missing on io_button[4] relative to the rising and/or falling clock edge(s) of clk_65.
Related violations: <none>

TIMING-18#6 Warning
Missing input or output delay  
An input delay is missing on io_dip[2][0] relative to the rising and/or falling clock edge(s) of clk_65.
Related violations: <none>

TIMING-18#7 Warning
Missing input or output delay  
An input delay is missing on io_dip[2][1] relative to the rising and/or falling clock edge(s) of clk_65.
Related violations: <none>

TIMING-18#8 Warning
Missing input or output delay  
An input delay is missing on io_dip[2][2] relative to the rising and/or falling clock edge(s) of clk_65.
Related violations: <none>

TIMING-18#9 Warning
Missing input or output delay  
An input delay is missing on io_dip[2][3] relative to the rising and/or falling clock edge(s) of clk_65.
Related violations: <none>

TIMING-18#10 Warning
Missing input or output delay  
An input delay is missing on io_dip[2][4] relative to the rising and/or falling clock edge(s) of clk_65.
Related violations: <none>

TIMING-18#11 Warning
Missing input or output delay  
An input delay is missing on io_dip[2][5] relative to the rising and/or falling clock edge(s) of clk_65.
Related violations: <none>

TIMING-18#12 Warning
Missing input or output delay  
An input delay is missing on io_dip[2][6] relative to the rising and/or falling clock edge(s) of clk_65.
Related violations: <none>

TIMING-18#13 Warning
Missing input or output delay  
An input delay is missing on io_dip[2][7] relative to the rising and/or falling clock edge(s) of clk_65.
Related violations: <none>

TIMING-18#14 Warning
Missing input or output delay  
An input delay is missing on rst_n relative to the rising and/or falling clock edge(s) of clk_65.
Related violations: <none>

TIMING-18#15 Warning
Missing input or output delay  
An output delay is missing on io_led[0][0] relative to the rising and/or falling clock edge(s) of clk_65.
Related violations: <none>

TIMING-18#16 Warning
Missing input or output delay  
An output delay is missing on io_led[0][1] relative to the rising and/or falling clock edge(s) of clk_65.
Related violations: <none>

TIMING-18#17 Warning
Missing input or output delay  
An output delay is missing on io_led[0][2] relative to the rising and/or falling clock edge(s) of clk_65.
Related violations: <none>

TIMING-18#18 Warning
Missing input or output delay  
An output delay is missing on io_led[0][3] relative to the rising and/or falling clock edge(s) of clk_65.
Related violations: <none>

TIMING-18#19 Warning
Missing input or output delay  
An output delay is missing on io_led[0][4] relative to the rising and/or falling clock edge(s) of clk_65.
Related violations: <none>

TIMING-18#20 Warning
Missing input or output delay  
An output delay is missing on io_led[0][5] relative to the rising and/or falling clock edge(s) of clk_65.
Related violations: <none>

TIMING-18#21 Warning
Missing input or output delay  
An output delay is missing on io_led[0][6] relative to the rising and/or falling clock edge(s) of clk_65.
Related violations: <none>

TIMING-18#22 Warning
Missing input or output delay  
An output delay is missing on io_led[0][7] relative to the rising and/or falling clock edge(s) of clk_65.
Related violations: <none>

TIMING-18#23 Warning
Missing input or output delay  
An output delay is missing on io_led[1][0] relative to the rising and/or falling clock edge(s) of clk_65.
Related violations: <none>

TIMING-18#24 Warning
Missing input or output delay  
An output delay is missing on io_led[1][1] relative to the rising and/or falling clock edge(s) of clk_65.
Related violations: <none>

TIMING-18#25 Warning
Missing input or output delay  
An output delay is missing on io_led[1][2] relative to the rising and/or falling clock edge(s) of clk_65.
Related violations: <none>

TIMING-18#26 Warning
Missing input or output delay  
An output delay is missing on io_led[1][3] relative to the rising and/or falling clock edge(s) of clk_65.
Related violations: <none>

TIMING-18#27 Warning
Missing input or output delay  
An output delay is missing on io_led[1][4] relative to the rising and/or falling clock edge(s) of clk_65.
Related violations: <none>

TIMING-18#28 Warning
Missing input or output delay  
An output delay is missing on io_led[1][5] relative to the rising and/or falling clock edge(s) of clk_65.
Related violations: <none>

TIMING-18#29 Warning
Missing input or output delay  
An output delay is missing on io_led[1][6] relative to the rising and/or falling clock edge(s) of clk_65.
Related violations: <none>

TIMING-18#30 Warning
Missing input or output delay  
An output delay is missing on io_led[1][7] relative to the rising and/or falling clock edge(s) of clk_65.
Related violations: <none>

TIMING-18#31 Warning
Missing input or output delay  
An output delay is missing on io_led[2][0] relative to the rising and/or falling clock edge(s) of clk_65.
Related violations: <none>

TIMING-18#32 Warning
Missing input or output delay  
An output delay is missing on io_led[2][1] relative to the rising and/or falling clock edge(s) of clk_65.
Related violations: <none>

TIMING-18#33 Warning
Missing input or output delay  
An output delay is missing on io_led[2][2] relative to the rising and/or falling clock edge(s) of clk_65.
Related violations: <none>

TIMING-18#34 Warning
Missing input or output delay  
An output delay is missing on io_led[2][3] relative to the rising and/or falling clock edge(s) of clk_65.
Related violations: <none>

TIMING-18#35 Warning
Missing input or output delay  
An output delay is missing on io_led[2][4] relative to the rising and/or falling clock edge(s) of clk_65.
Related violations: <none>

TIMING-18#36 Warning
Missing input or output delay  
An output delay is missing on io_led[2][5] relative to the rising and/or falling clock edge(s) of clk_65.
Related violations: <none>

TIMING-18#37 Warning
Missing input or output delay  
An output delay is missing on io_led[2][6] relative to the rising and/or falling clock edge(s) of clk_65.
Related violations: <none>

TIMING-18#38 Warning
Missing input or output delay  
An output delay is missing on io_led[2][7] relative to the rising and/or falling clock edge(s) of clk_65.
Related violations: <none>

TIMING-18#39 Warning
Missing input or output delay  
An output delay is missing on io_segment[0] relative to the rising and/or falling clock edge(s) of clk_65.
Related violations: <none>

TIMING-18#40 Warning
Missing input or output delay  
An output delay is missing on io_segment[1] relative to the rising and/or falling clock edge(s) of clk_65.
Related violations: <none>

TIMING-18#41 Warning
Missing input or output delay  
An output delay is missing on io_segment[2] relative to the rising and/or falling clock edge(s) of clk_65.
Related violations: <none>

TIMING-18#42 Warning
Missing input or output delay  
An output delay is missing on io_segment[3] relative to the rising and/or falling clock edge(s) of clk_65.
Related violations: <none>

TIMING-18#43 Warning
Missing input or output delay  
An output delay is missing on io_segment[4] relative to the rising and/or falling clock edge(s) of clk_65.
Related violations: <none>

TIMING-18#44 Warning
Missing input or output delay  
An output delay is missing on io_segment[5] relative to the rising and/or falling clock edge(s) of clk_65.
Related violations: <none>

TIMING-18#45 Warning
Missing input or output delay  
An output delay is missing on io_segment[6] relative to the rising and/or falling clock edge(s) of clk_65.
Related violations: <none>

TIMING-18#46 Warning
Missing input or output delay  
An output delay is missing on io_segment[7] relative to the rising and/or falling clock edge(s) of clk_65.
Related violations: <none>

TIMING-18#47 Warning
Missing input or output delay  
An output delay is missing on io_select[0] relative to the rising and/or falling clock edge(s) of clk_65.
Related violations: <none>

TIMING-18#48 Warning
Missing input or output delay  
An output delay is missing on io_select[1] relative to the rising and/or falling clock edge(s) of clk_65.
Related violations: <none>

TIMING-18#49 Warning
Missing input or output delay  
An output delay is missing on io_select[2] relative to the rising and/or falling clock edge(s) of clk_65.
Related violations: <none>

TIMING-18#50 Warning
Missing input or output delay  
An output delay is missing on io_select[3] relative to the rising and/or falling clock edge(s) of clk_65.
Related violations: <none>


